[debug] [2022-03-11T13:14:59.223Z] ----------------------------------------------------------------------
[debug] [2022-03-11T13:14:59.226Z] Command:       C:\Program Files\nodejs\node.exe C:\Users\TEMITOPE\AppData\Roaming\npm\node_modules\firebase-tools\lib\bin\firebase.js init
[debug] [2022-03-11T13:14:59.227Z] CLI Version:   10.2.2
[debug] [2022-03-11T13:14:59.227Z] Platform:      win32
[debug] [2022-03-11T13:14:59.227Z] Node Version:  v14.17.0
[debug] [2022-03-11T13:14:59.230Z] Time:          Fri Mar 11 2022 14:14:59 GMT+0100 (West Africa Standard Time)
[debug] [2022-03-11T13:14:59.230Z] ----------------------------------------------------------------------
[debug] 
[debug] [2022-03-11T13:14:59.244Z] > command requires scopes: ["email","openid","https://www.googleapis.com/auth/cloudplatformprojects.readonly","https://www.googleapis.com/auth/firebase","https://www.googleapis.com/auth/cloud-platform"]
[debug] [2022-03-11T13:14:59.244Z] > authorizing via signed-in user (adenekantope@gmail.com)
[info] 
     ######## #### ########  ######## ########     ###     ######  ########
     ##        ##  ##     ## ##       ##     ##  ##   ##  ##       ##
     ######    ##  ########  ######   ########  #########  ######  ######
     ##        ##  ##    ##  ##       ##     ## ##     ##       ## ##
     ##       #### ##     ## ######## ########  ##     ##  ######  ########

You're about to initialize a Firebase project in this directory:

  C:\Users\TEMITOPE\Desktop\react-linkedin-clone

[info] 
=== Project Setup
[info] 
[info] First, let's associate this project directory with a Firebase project.
[info] You can create multiple project aliases by running firebase use --add, 
[info] but for now we'll just set up a default project.
[info] 
[debug] [2022-03-11T13:25:09.862Z] >>> [apiv2][query] GET https://firebase.googleapis.com/v1beta1/projects pageSize=100
[debug] [2022-03-11T13:25:22.706Z] <<< [apiv2][status] GET https://firebase.googleapis.com/v1beta1/projects 200
[debug] [2022-03-11T13:25:22.706Z] <<< [apiv2][body] GET https://firebase.googleapis.com/v1beta1/projects [omitted]
